<?xml version="1.0" encoding="UTF-8"?>
<!-- Generated by org.testng.reporters.JUnitReportReporter -->
<testsuite hostname="DESKTOP-DDMG9N7" failures="0" tests="1" name="Contact.CreateContactWithSupportDateTest" time="20.916" errors="0" timestamp="2025-04-09T15:28:53 IST" skipped="0">
  <testcase classname="Contact.CreateContactWithSupportDateTest" name="CreateContactWthSuppoDateTest" time="20.916"/>
  <system-out/>
</testsuite> <!-- Contact.CreateContactWithSupportDateTest -->
