<?xml version="1.0" encoding="UTF-8"?>
<!-- Generated by org.testng.reporters.JUnitReportReporter -->
<testsuite hostname="DESKTOP-DDMG9N7" failures="0" tests="1" name="Contact.CreateContact" time="20.823" errors="0" timestamp="2025-04-05T14:22:35 IST" skipped="0">
  <testcase classname="Contact.CreateContact" name="CreateContactName" time="20.823"/>
  <system-out/>
</testsuite> <!-- Contact.CreateContact -->
