<?xml version="1.0" encoding="UTF-8"?>
<!-- Generated by org.testng.reporters.JUnitReportReporter -->
<testsuite hostname="DESKTOP-DDMG9N7" failures="0" tests="1" name="ExtentReports.UsingExtentReports" time="5.151" errors="0" timestamp="2025-04-14T15:08:57 IST" skipped="0">
  <testcase classname="ExtentReports.UsingExtentReports" name="demo" time="5.151"/>
  <system-out/>
</testsuite> <!-- ExtentReports.UsingExtentReports -->
