<?xml version="1.0" encoding="UTF-8"?>
<!-- Generated by org.testng.reporters.JUnitReportReporter -->
<testsuite hostname="DESKTOP-DDMG9N7" failures="0" tests="1" name="VTiger.CreateOrgWithPNo" time="18.412" errors="0" timestamp="2025-03-20T15:39:55 IST" skipped="0">
  <testcase classname="VTiger.CreateOrgWithPNo" name="CreateOrgWithPN" time="18.412"/>
</testsuite> <!-- VTiger.CreateOrgWithPNo -->
