<?xml version="1.0" encoding="UTF-8"?>
<!-- Generated by org.testng.reporters.JUnitReportReporter -->
<testsuite hostname="DESKTOP-DDMG9N7" failures="0" tests="1" name="Organization.CreateOrgWithIndustryAndTypeTest" time="19.074" errors="0" timestamp="2025-04-08T14:56:52 IST" skipped="0">
  <testcase classname="Organization.CreateOrgWithIndustryAndTypeTest" name="CreateOrgWithIndTypeTest" time="19.074"/>
  <system-out>
    <![CDATA[Pspiders1487Test Pass
Apparel : selected proper industry
Analyst : selected proper type]]>
  </system-out>
</testsuite> <!-- Organization.CreateOrgWithIndustryAndTypeTest -->
