<?xml version="1.0" encoding="UTF-8"?>
<!-- Generated by org.testng.reporters.JUnitReportReporter -->
<testsuite hostname="DESKTOP-DDMG9N7" failures="0" tests="3" name="Contact.CreateContactScenariosTest" time="68.091" errors="0" timestamp="2025-04-16T14:54:09 IST" skipped="0">
  <testcase classname="Contact.CreateContactScenariosTest" name="CreateContactWthSuppoDateTest" time="17.585"/>
  <system-out>
    <![CDATA[CreateContactWthSuppoDateTest--Started--
CreateContactWthSuppoDateTest--Success--]]>
  </system-out>
  <testcase classname="Contact.CreateContactScenariosTest" name="createContactOrgNameTest" time="29.909"/>
  <system-out>
    <![CDATA[createContactOrgNameTest--Started--
createContactOrgNameTest--Success--]]>
  </system-out>
  <testcase classname="Contact.CreateContactScenariosTest" name="CreateContactNameTest" time="20.597"/>
  <system-out>
    <![CDATA[CreateContactNameTest--Started--
CreateContactNameTest--Success--]]>
  </system-out>
</testsuite> <!-- Contact.CreateContactScenariosTest -->
