<?xml version="1.0" encoding="UTF-8"?>
<!-- Generated by org.testng.reporters.JUnitReportReporter -->
<testsuite hostname="DESKTOP-DDMG9N7" failures="0" tests="1" name="Contact.CreateContactTest" time="19.200" errors="0" timestamp="2025-04-10T15:05:23 IST" skipped="0">
  <testcase classname="Contact.CreateContactTest" name="CreateContactNameTest" time="19.200"/>
  <system-out>
    <![CDATA[CreateContactNameTest--Started--
CreateContactNameTest--Success--]]>
  </system-out>
</testsuite> <!-- Contact.CreateContactTest -->
