<?xml version="1.0" encoding="UTF-8"?>
<!-- Generated by org.testng.reporters.JUnitReportReporter -->
<testsuite hostname="DESKTOP-DDMG9N7" failures="0" tests="1" name="Organization.CreateOrganizationTest" time="20.161" errors="0" timestamp="2025-04-09T15:18:17 IST" skipped="0">
  <testcase classname="Organization.CreateOrganizationTest" name="createOrgTest" time="20.161"/>
  <system-out/>
</testsuite> <!-- Organization.CreateOrganizationTest -->
