<?xml version="1.0" encoding="UTF-8"?>
<!-- Generated by org.testng.reporters.JUnitReportReporter -->
<testsuite hostname="DESKTOP-DDMG9N7" failures="0" tests="1" name="VTiger.CreateOrgWithIndustryAndType" time="15.217" errors="0" timestamp="2025-03-20T15:38:59 IST" skipped="0">
  <testcase classname="VTiger.CreateOrgWithIndustryAndType" name="CreateOrgWithPN" time="15.217"/>
</testsuite> <!-- VTiger.CreateOrgWithIndustryAndType -->
