<?xml version="1.0" encoding="UTF-8"?>
<!-- Generated by org.testng.reporters.JUnitReportReporter -->
<testsuite hostname="DESKTOP-DDMG9N7" failures="0" tests="1" name="Organization.CreateOrgWithPhoneNumberTest" time="57.806" errors="0" timestamp="2025-04-09T22:53:43 IST" skipped="0">
  <testcase classname="Organization.CreateOrgWithPhoneNumberTest" name="CreateOrgWithPNTest" time="57.806"/>
  <system-out/>
</testsuite> <!-- Organization.CreateOrgWithPhoneNumberTest -->
