<?xml version="1.0" encoding="UTF-8"?>
<!-- Generated by org.testng.reporters.JUnitReportReporter -->
<testsuite hostname="DESKTOP-DDMG9N7" failures="0" tests="1" name="Contact.CreateContactWithOrgTest" time="33.087" errors="0" timestamp="2025-04-09T15:16:17 IST" skipped="0">
  <testcase classname="Contact.CreateContactWithOrgTest" name="createContactOrgNameTest" time="33.087"/>
  <system-out/>
</testsuite> <!-- Contact.CreateContactWithOrgTest -->
