<?xml version="1.0" encoding="UTF-8"?>
<!-- Generated by org.testng.reporters.JUnitReportReporter -->
<testsuite hostname="DESKTOP-DDMG9N7" failures="0" tests="3" name="Organization.CreateOrgScenariosTest" time="58.847" errors="0" timestamp="2025-04-16T14:56:11 IST" skipped="0">
  <testcase classname="Organization.CreateOrgScenariosTest" name="CreateOrgWithIndTypeTest" time="22.465"/>
  <system-out>
    <![CDATA[CreateOrgWithIndTypeTest--Started--
CreateOrgWithIndTypeTest--Success--]]>
  </system-out>
  <testcase classname="Organization.CreateOrgScenariosTest" name="CreateOrgWithPNTest" time="18.651"/>
  <system-out>
    <![CDATA[CreateOrgWithPNTest--Started--
CreateOrgWithPNTest--Success--]]>
  </system-out>
  <testcase classname="Organization.CreateOrgScenariosTest" name="createOrgTest" time="17.731"/>
  <system-out>
    <![CDATA[createOrgTest--Started--
createOrgTest--Success--]]>
  </system-out>
</testsuite> <!-- Organization.CreateOrgScenariosTest -->
